<?xml version="1.0" encoding="UTF-8"?>
<!-- Generated by org.testng.reporters.JUnitReportReporter -->
<testsuite hostname="LAPTOP-4EGBTEKJ" failures="0" tests="1" name="com.nopcommerce.demo.testsuite.LoginPageTest" time="3.815" errors="0" timestamp="2023-12-12T13:09:15 GMT" skipped="0">
  <testcase classname="com.nopcommerce.demo.testsuite.LoginPageTest" name="userShouldNavigateToLoginPageSuccessFully" time="3.815">
    <system-out>
      <![CDATA[Click On Login Link]]>
    </system-out>
  </testcase> <!-- userShouldNavigateToLoginPageSuccessFully -->
  <system-out>
    <![CDATA[click on computer tab
Verify text Computer
Click On Login Link
Click on register link
Get register text]]>
  </system-out>
</testsuite> <!-- com.nopcommerce.demo.testsuite.LoginPageTest -->
