<?xml version="1.0" encoding="UTF-8"?>
<!-- Generated by org.testng.reporters.JUnitReportReporter -->
<testsuite hostname="LAPTOP-4EGBTEKJ" failures="0" tests="1" name="com.nopcommerce.demo.testsuite.RegisterPageTest" time="5.383" errors="0" timestamp="2023-12-12T13:09:15 GMT" skipped="0">
  <testcase classname="com.nopcommerce.demo.testsuite.RegisterPageTest" name="verifyUserShouldNavigateToRegisterPageSuccessfully" time="5.383">
    <system-out>
      <![CDATA[Click on register link
Get register text]]>
    </system-out>
  </testcase> <!-- verifyUserShouldNavigateToRegisterPageSuccessfully -->
  <system-out>
    <![CDATA[click on computer tab
Verify text Computer
Click On Login Link
Click on register link
Get register text]]>
  </system-out>
</testsuite> <!-- com.nopcommerce.demo.testsuite.RegisterPageTest -->
